# JRE version: OpenJDK Runtime Environment (23.0.2+7) (build 23.0.2+7-58)
# Java VM: OpenJDK 64-Bit Server VM (23.0.2+7-58, mixed mode, sharing, tiered, compressed oops, compressed class ptrs, g1 gc, windows-amd64)
GC Precious Log:
 CardTable entry size: 512
 Card Set container configuration: InlinePtr #cards 4 size 8 Array Of Cards #cards 32 size 80 Howl #buckets 8 coarsen threshold 7372 Howl Bitmap #cards 1024 size 144 coarsen threshold 921 Card regions per heap region 1 cards per card region 8192
 CPUs: 16 total, 16 available
 Memory: 32551M
 Large Page Support: Disabled
 NUMA Support: Disabled
 Compressed Oops: Enabled (Zero based)
 Heap Region Size: 4M
 Heap Min Capacity: 8M
 Heap Initial Capacity: 512M
 Heap Max Capacity: 8140M
 Pre-touch: Disabled
 Parallel Workers: 13
 Concurrent Workers: 3
 Concurrent Refinement Workers: 13
 Periodic GC: Disabled
Heap:
 garbage-first heap   total reserved 8335360K, committed 77824K, used 45531K [0x0000000603400000, 0x0000000800000000)
  region size 4096K, 8 young (32768K), 1 survivors (4096K)
 Metaspace       used 30189K, committed 30592K, reserved 1114112K
  class space    used 3571K, committed 3776K, reserved 1048576K
GC Heap History (12 events):
Event: 0.539 GC heap before
{Heap before GC invocations=0 (full 0):
 garbage-first heap   total reserved 8335360K, committed 524288K, used 24576K [0x0000000603400000, 0x0000000800000000)
  region size 4096K, 6 young (24576K), 0 survivors (0K)
 Metaspace       used 6410K, committed 6592K, reserved 1114112K
  class space    used 760K, committed 832K, reserved 1048576K
}
Event: 0.543 GC heap after
{Heap after GC invocations=1 (full 0):
 garbage-first heap   total reserved 8335360K, committed 524288K, used 4139K [0x0000000603400000, 0x0000000800000000)
  region size 4096K, 1 young (4096K), 1 survivors (4096K)
 Metaspace       used 6410K, committed 6592K, reserved 1114112K
  class space    used 760K, committed 832K, reserved 1048576K
}
Event: 0.804 GC heap before
{Heap before GC invocations=1 (full 0):
 garbage-first heap   total reserved 8335360K, committed 524288K, used 24619K [0x0000000603400000, 0x0000000800000000)
  region size 4096K, 6 young (24576K), 1 survivors (4096K)
 Metaspace       used 8075K, committed 8256K, reserved 1114112K
  class space    used 953K, committed 1024K, reserved 1048576K
}
Event: 0.806 GC heap after
{Heap after GC invocations=2 (full 0):
 garbage-first heap   total reserved 8335360K, committed 524288K, used 5055K [0x0000000603400000, 0x0000000800000000)
  region size 4096K, 1 young (4096K), 1 survivors (4096K)
 Metaspace       used 8075K, committed 8256K, reserved 1114112K
  class space    used 953K, committed 1024K, reserved 1048576K
}
Event: 1.791 GC heap before
{Heap before GC invocations=2 (full 0):
 garbage-first heap   total reserved 8335360K, committed 524288K, used 74687K [0x0000000603400000, 0x0000000800000000)
  region size 4096K, 18 young (73728K), 1 survivors (4096K)
 Metaspace       used 17468K, committed 17728K, reserved 1114112K
  class space    used 2087K, committed 2240K, reserved 1048576K
}
Event: 1.795 GC heap after
{Heap after GC invocations=3 (full 0):
 garbage-first heap   total reserved 8335360K, committed 524288K, used 10317K [0x0000000603400000, 0x0000000800000000)
  region size 4096K, 2 young (8192K), 2 survivors (8192K)
 Metaspace       used 17468K, committed 17728K, reserved 1114112K
  class space    used 2087K, committed 2240K, reserved 1048576K
}
Event: 2.162 GC heap before
{Heap before GC invocations=3 (full 0):
 garbage-first heap   total reserved 8335360K, committed 524288K, used 38989K [0x0000000603400000, 0x0000000800000000)
  region size 4096K, 10 young (40960K), 2 survivors (8192K)
 Metaspace       used 21224K, committed 21504K, reserved 1114112K
  class space    used 2523K, committed 2624K, reserved 1048576K
}
Event: 2.167 GC heap after
{Heap after GC invocations=4 (full 0):
 garbage-first heap   total reserved 8335360K, committed 524288K, used 12616K [0x0000000603400000, 0x0000000800000000)
  region size 4096K, 3 young (12288K), 3 survivors (12288K)
 Metaspace       used 21224K, committed 21504K, reserved 1114112K
  class space    used 2523K, committed 2624K, reserved 1048576K
}
Event: 2.701 GC heap before
{Heap before GC invocations=5 (full 0):
 garbage-first heap   total reserved 8335360K, committed 57344K, used 53576K [0x0000000603400000, 0x0000000800000000)
  region size 4096K, 13 young (53248K), 3 survivors (12288K)
 Metaspace       used 27570K, committed 27904K, reserved 1114112K
  class space    used 3255K, committed 3392K, reserved 1048576K
}
Event: 2.709 GC heap after
{Heap after GC invocations=6 (full 0):
 garbage-first heap   total reserved 8335360K, committed 77824K, used 21613K [0x0000000603400000, 0x0000000800000000)
  region size 4096K, 4 young (16384K), 4 survivors (16384K)
 Metaspace       used 27570K, committed 27904K, reserved 1114112K
  class space    used 3255K, committed 3392K, reserved 1048576K
}
Event: 3.055 GC heap before
{Heap before GC invocations=6 (full 0):
 garbage-first heap   total reserved 8335360K, committed 77824K, used 50285K [0x0000000603400000, 0x0000000800000000)
  region size 4096K, 11 young (45056K), 4 survivors (16384K)
 Metaspace       used 28627K, committed 28992K, reserved 1114112K
  class space    used 3358K, committed 3520K, reserved 1048576K
}
Event: 3.066 GC heap after
{Heap after GC invocations=7 (full 0):
 garbage-first heap   total reserved 8335360K, committed 77824K, used 25051K [0x0000000603400000, 0x0000000800000000)
  region size 4096K, 1 young (4096K), 1 survivors (4096K)
 Metaspace       used 28627K, committed 28992K, reserved 1114112K
  class space    used 3358K, committed 3520K, reserved 1048576K
}

